<?xml version="1.0" encoding="UTF-8"?>
<!-- Generated by org.testng.reporters.JUnitXMLReporter -->
<testsuite ignored="0" hostname="DESKTOP-7HVNTQK" failures="0" tests="1" name="TestRunner2" time="0.318" errors="0" timestamp="2024-12-20T13:11:07 IST">
  <testcase classname="Generic_utility.Base_Class01" name="@BeforeClass BC" time="-1.734680466575E9">
    <failure type="org.testng.TestNGException" message="
Parameter &amp;apos;BROWSER&amp;apos; is required by BeforeClass on method BC but has not been marked @Optional or defined
in C:\Users\HP\eclipse-workspace\AdvanceSelenium\ParellelExecutiontestng.xml">
      <![CDATA[org.testng.TestNGException: 
Parameter 'BROWSER' is required by BeforeClass on method BC but has not been marked @Optional or defined
in C:\Users\HP\eclipse-workspace\AdvanceSelenium\ParellelExecutiontestng.xml
at java.base/java.util.ArrayList.forEach(ArrayList.java:1597)
at java.base/java.util.concurrent.FutureTask.run(FutureTask.java:317)
at java.base/java.util.concurrent.ThreadPoolExecutor.runWorker(ThreadPoolExecutor.java:1144)
at java.base/java.util.concurrent.ThreadPoolExecutor$Worker.run(ThreadPoolExecutor.java:642)
at java.base/java.lang.Thread.run(Thread.java:1575)
... Removed 13 stack frames]]>
    </failure>
  </testcase> <!-- @BeforeClass BC -->
  <testcase classname="Generic_utility.Base_Class01" name="@BeforeClass BC" time="-1.734680466575E9">
    <failure type="org.testng.TestNGException" message="
Parameter &amp;apos;BROWSER&amp;apos; is required by BeforeClass on method BC but has not been marked @Optional or defined
in C:\Users\HP\eclipse-workspace\AdvanceSelenium\ParellelExecutiontestng.xml">
      <![CDATA[org.testng.TestNGException: 
Parameter 'BROWSER' is required by BeforeClass on method BC but has not been marked @Optional or defined
in C:\Users\HP\eclipse-workspace\AdvanceSelenium\ParellelExecutiontestng.xml
at java.base/java.util.ArrayList.forEach(ArrayList.java:1597)
at java.base/java.util.concurrent.FutureTask.run(FutureTask.java:317)
at java.base/java.util.concurrent.ThreadPoolExecutor.runWorker(ThreadPoolExecutor.java:1144)
at java.base/java.util.concurrent.ThreadPoolExecutor$Worker.run(ThreadPoolExecutor.java:642)
at java.base/java.lang.Thread.run(Thread.java:1575)
... Removed 13 stack frames]]>
    </failure>
  </testcase> <!-- @BeforeClass BC -->
  <testcase classname="Generic_utility.Base_Class01" name="@BeforeMethod BM" time="-1.734680466674E9">
    <skipped/>
  </testcase> <!-- @BeforeMethod BM -->
  <testcase classname="Generic_utility.Base_Class01" name="@BeforeMethod BM" time="-1.734680466691E9">
    <skipped/>
  </testcase> <!-- @BeforeMethod BM -->
  <testcase classname="Generic_utility.Base_Class01" name="@AfterMethod AM" time="-1.734680466719E9">
    <skipped/>
  </testcase> <!-- @AfterMethod AM -->
  <testcase classname="Generic_utility.Base_Class01" name="@AfterClass AC" time="-1.73468046676E9">
    <skipped/>
  </testcase> <!-- @AfterClass AC -->
  <testcase classname="Generic_utility.Base_Class01" name="@AfterMethod AM" time="-1.734680466768E9">
    <skipped/>
  </testcase> <!-- @AfterMethod AM -->
  <testcase classname="Generic_utility.Base_Class01" name="@AfterClass AC" time="-1.734680466785E9">
    <skipped/>
  </testcase> <!-- @AfterClass AC -->
  <testcase classname="CreateCampaign.Createcampaignandproduct_01Test" name="Createcampaignandproduct_01Test" time="0.0">
    <skipped/>
  </testcase> <!-- Createcampaignandproduct_01Test -->
</testsuite> <!-- TestRunner2 -->
