<?xml version="1.0" encoding="UTF-8"?>
<!-- Generated by org.testng.reporters.JUnitReportReporter -->
<testsuite hostname="DESKTOP-7HVNTQK" failures="0" tests="3" name="CreateCampaign.Create_Campaign01Test" time="-1734680448.000" errors="1" timestamp="2024-12-20T13:11:08 IST" skipped="2">
  <testcase classname="CreateCampaign.Create_Campaign01Test" name="Create_Product01Test" time="0.000">
    <skipped/>
  </testcase> <!-- Create_Product01Test -->
  <system-out/>
  <testcase classname="CreateCampaign.Create_Campaign01Test" name="BC" time="-1734680448.000">
    <error message="
Parameter &#039;BROWSER&#039; is required by BeforeClass on method BC but has not been marked @Optional or defined
in C:\Users\HP\eclipse-workspace\AdvanceSelenium\ParellelExecutiontestng.xml" type="org.testng.TestNGException">
      <![CDATA[org.testng.TestNGException: 
Parameter 'BROWSER' is required by BeforeClass on method BC but has not been marked @Optional or defined
in C:\Users\HP\eclipse-workspace\AdvanceSelenium\ParellelExecutiontestng.xml
at org.testng.internal.Parameters.createParams(Parameters.java:270)
at org.testng.internal.Parameters.createParametersForMethod(Parameters.java:358)
at org.testng.internal.Parameters.createParameters(Parameters.java:700)
at org.testng.internal.Parameters.createConfigurationParameters(Parameters.java:168)
at org.testng.internal.ConfigInvoker.invokeConfigurations(ConfigInvoker.java:302)
at org.testng.internal.TestMethodWorker.invokeBeforeClassMethods(TestMethodWorker.java:176)
at org.testng.internal.TestMethodWorker.run(TestMethodWorker.java:122)
at java.base/java.util.ArrayList.forEach(ArrayList.java:1597)
at org.testng.TestRunner.privateRun(TestRunner.java:794)
at org.testng.TestRunner.run(TestRunner.java:596)
at org.testng.SuiteRunner.runTest(SuiteRunner.java:377)
at org.testng.SuiteRunner.access$000(SuiteRunner.java:28)
at org.testng.SuiteRunner$SuiteWorker.run(SuiteRunner.java:418)
at org.testng.internal.thread.ThreadUtil.lambda$execute$0(ThreadUtil.java:64)
at java.base/java.util.concurrent.FutureTask.run(FutureTask.java:317)
at java.base/java.util.concurrent.ThreadPoolExecutor.runWorker(ThreadPoolExecutor.java:1144)
at java.base/java.util.concurrent.ThreadPoolExecutor$Worker.run(ThreadPoolExecutor.java:642)
at java.base/java.lang.Thread.run(Thread.java:1575)
]]>
    </error>
  </testcase> <!-- BC -->
  <system-out/>
  <testcase classname="CreateCampaign.Create_Campaign01Test" name="Create_Campaign01Test" time="0.000">
    <skipped/>
  </testcase> <!-- Create_Campaign01Test -->
  <system-out/>
</testsuite> <!-- CreateCampaign.Create_Campaign01Test -->
